[35m[1mConsolidate compiler generated dependencies of target kuangjie_node[0m
[ 50%] [32mBuilding CXX object CMakeFiles/kuangjie_node.dir/src/kuangjie.cpp.o[0m
[01m[K/home/kuanghaoze/d2lros2/game_ws/kuang_jie/src/kuangjie.cpp:[m[K In constructor â€˜[01m[KPublishNode::PublishNode()[m[Kâ€™:
[01m[K/home/kuanghaoze/d2lros2/game_ws/kuang_jie/src/kuangjie.cpp:33:35:[m[K [01;31m[Kerror: [m[Kâ€˜[01m[Kmessage[m[Kâ€™ was not declared in this scope
   33 |             vec1.data_array.erase([01;31m[Kmessage[m[K.data_array.begin() + request->id -1);
      |                                   [01;31m[K^~~~~~~[m[K
gmake[2]: *** [CMakeFiles/kuangjie_node.dir/build.make:76ï¼šCMakeFiles/kuangjie_node.dir/src/kuangjie.cpp.o] é”™è¯¯ 1
gmake[1]: *** [CMakeFiles/Makefile2:137ï¼šCMakeFiles/kuangjie_node.dir/all] é”™è¯¯ 2
gmake: *** [Makefile:146ï¼šall] é”™è¯¯ 2
