[0.016s] Invoking command in '/home/kuanghaoze/d2lros2/game_ws/build/kuang_jie': CMAKE_PREFIX_PATH=/home/kuanghaoze/d2lros2/game_ws/install/kuang_interfaces:/home/kuanghaoze/d2lros2/game_ws/install/kuang_jie:/home/kuanghaoze/d2lros2/game_ws/install/kuang_gong:/opt/ros/humble /usr/bin/cmake --build /home/kuanghaoze/d2lros2/game_ws/build/kuang_jie -- -j16 -l16
[0.070s] [35m[1mConsolidate compiler generated dependencies of target kuangjie_node[0m
[0.085s] [ 50%] [32mBuilding CXX object CMakeFiles/kuangjie_node.dir/src/kuangjie.cpp.o[0m
[2.007s] [01m[K/home/kuanghaoze/d2lros2/game_ws/kuang_jie/src/kuangjie.cpp:[m[K In constructor â€˜[01m[KPublishNode::PublishNode()[m[Kâ€™:
[2.008s] [01m[K/home/kuanghaoze/d2lros2/game_ws/kuang_jie/src/kuangjie.cpp:33:35:[m[K [01;31m[Kerror: [m[Kâ€˜[01m[Kmessage[m[Kâ€™ was not declared in this scope
[2.008s]    33 |             vec1.data_array.erase([01;31m[Kmessage[m[K.data_array.begin() + request->id -1);
[2.008s]       |                                   [01;31m[K^~~~~~~[m[K
[3.009s] gmake[2]: *** [CMakeFiles/kuangjie_node.dir/build.make:76ï¼šCMakeFiles/kuangjie_node.dir/src/kuangjie.cpp.o] é”™è¯¯ 1
[3.009s] gmake[1]: *** [CMakeFiles/Makefile2:137ï¼šCMakeFiles/kuangjie_node.dir/all] é”™è¯¯ 2
[3.009s] gmake: *** [Makefile:146ï¼šall] é”™è¯¯ 2
[3.014s] Invoked command in '/home/kuanghaoze/d2lros2/game_ws/build/kuang_jie' returned '2': CMAKE_PREFIX_PATH=/home/kuanghaoze/d2lros2/game_ws/install/kuang_interfaces:/home/kuanghaoze/d2lros2/game_ws/install/kuang_jie:/home/kuanghaoze/d2lros2/game_ws/install/kuang_gong:/opt/ros/humble /usr/bin/cmake --build /home/kuanghaoze/d2lros2/game_ws/build/kuang_jie -- -j16 -l16
