[0.024s] Invoking command in '/home/kuanghaoze/d2lros2/game_ws/build/kuang_jie': CMAKE_PREFIX_PATH=${CMAKE_PREFIX_PATH}:/opt/ros/humble /usr/bin/cmake --build /home/kuanghaoze/d2lros2/game_ws/build/kuang_jie -- -j16 -l16
[0.058s] -- Found ament_cmake: 1.3.5 (/opt/ros/humble/share/ament_cmake/cmake)
[0.299s] -- Found rclcpp: 16.0.4 (/opt/ros/humble/share/rclcpp/cmake)
[0.347s] -- Found rosidl_generator_c: 3.1.4 (/opt/ros/humble/share/rosidl_generator_c/cmake)
[0.350s] -- Found rosidl_adapter: 3.1.4 (/opt/ros/humble/share/rosidl_adapter/cmake)
[0.358s] -- Found rosidl_generator_cpp: 3.1.4 (/opt/ros/humble/share/rosidl_generator_cpp/cmake)
[0.374s] -- Using all available rosidl_typesupport_c: rosidl_typesupport_fastrtps_c;rosidl_typesupport_introspection_c
[0.395s] -- Using all available rosidl_typesupport_cpp: rosidl_typesupport_fastrtps_cpp;rosidl_typesupport_introspection_cpp
[0.497s] -- Found rmw_implementation_cmake: 6.1.1 (/opt/ros/humble/share/rmw_implementation_cmake/cmake)
[0.500s] -- Found rmw_cyclonedds_cpp: 1.3.4 (/opt/ros/humble/share/rmw_cyclonedds_cpp/cmake)
[0.562s] -- Using RMW implementation 'rmw_cyclonedds_cpp' as default
[0.830s] -- Found kuang_interfaces: 0.0.0 (/home/kuanghaoze/d2lros2/game_ws/install/kuang_interfaces/share/kuang_interfaces/cmake)
[1.013s] -- Found ament_lint_auto: 0.12.6 (/opt/ros/humble/share/ament_lint_auto/cmake)
[1.145s] -- Added test 'cppcheck' to perform static code analysis on C / C++ code
[1.145s] -- Configured cppcheck include dirs: 
[1.146s] -- Configured cppcheck exclude dirs and/or files: 
[1.146s] -- Added test 'lint_cmake' to check CMake code style
[1.147s] -- Added test 'uncrustify' to check C / C++ code style
[1.147s] -- Configured uncrustify additional arguments: 
[1.147s] -- Added test 'xmllint' to check XML markup files
[1.149s] -- Configuring done
[1.162s] -- Generating done
[1.164s] -- Build files have been written to: /home/kuanghaoze/d2lros2/game_ws/build/kuang_jie
[1.191s] [35m[1mConsolidate compiler generated dependencies of target kuangjie_node[0m
[1.219s] [ 50%] [32mBuilding CXX object CMakeFiles/kuangjie_node.dir/src/kuangjie.cpp.o[0m
[4.021s] [01m[K/home/kuanghaoze/d2lros2/game_ws/kuang_jie/src/kuangjie.cpp:19:46:[m[K [01;31m[Kerror: [m[Kâ€˜[01m[Kkuangshi_array[m[Kâ€™ is not a member of â€˜[01m[Kkuang_interfaces::msg[m[Kâ€™; did you mean â€˜[01m[KKuangshiArray[m[Kâ€™?
[4.022s]    19 |     rclcpp::Publisher<kuang_interfaces::msg::[01;31m[Kkuangshi_array[m[K>::SharedPtr  pub_messgae;
[4.022s]       |                                              [01;31m[K^~~~~~~~~~~~~~[m[K
[4.022s]       |                                              [32m[KKuangshiArray[m[K
[4.022s] [01m[K/home/kuanghaoze/d2lros2/game_ws/kuang_jie/src/kuangjie.cpp:19:60:[m[K [01;31m[Kerror: [m[Ktemplate argument 1 is invalid
[4.022s]    19 |     rclcpp::Publisher<kuang_interfaces::msg::kuangshi_array[01;31m[K>[m[K::SharedPtr  pub_messgae;
[4.022s]       |                                                            [01;31m[K^[m[K
[4.028s] [01m[K/home/kuanghaoze/d2lros2/game_ws/kuang_jie/src/kuangjie.cpp:19:63:[m[K [01;31m[Kerror: [m[Kexpected â€˜[01m[K;[m[Kâ€™ at end of member declaration
[4.028s]    19 |     rclcpp::Publisher<kuang_interfaces::msg::kuangshi_array>::[01;31m[KSharedPtr[m[K  pub_messgae;
[4.028s]       |                                                               [01;31m[K^~~~~~~~~[m[K
[4.029s]       |                                                                        [32m[K;[m[K
[4.031s] [01m[K/home/kuanghaoze/d2lros2/game_ws/kuang_jie/src/kuangjie.cpp:19:74:[m[K [01;31m[Kerror: [m[Kâ€˜[01m[Kpub_messgae[m[Kâ€™ does not name a type
[4.031s]    19 |     rclcpp::Publisher<kuang_interfaces::msg::kuangshi_array>::SharedPtr  [01;31m[Kpub_messgae[m[K;
[4.032s]       |                                                                          [01;31m[K^~~~~~~~~~~[m[K
[4.045s] [01m[K/home/kuanghaoze/d2lros2/game_ws/kuang_jie/src/kuangjie.cpp:[m[K In constructor â€˜[01m[KPublishNode::PublishNode()[m[Kâ€™:
[4.046s] [01m[K/home/kuanghaoze/d2lros2/game_ws/kuang_jie/src/kuangjie.cpp:13:9:[m[K [01;31m[Kerror: [m[Kâ€˜[01m[Kpub_messgae[m[Kâ€™ was not declared in this scope
[4.046s]    13 |         [01;31m[Kpub_messgae[m[K = this->create_publisher<kuang_interfaces::msg::kuangshi_array>("kuangshi_msg",10);
[4.046s]       |         [01;31m[K^~~~~~~~~~~[m[K
[4.046s] [01m[K/home/kuanghaoze/d2lros2/game_ws/kuang_jie/src/kuangjie.cpp:13:69:[m[K [01;31m[Kerror: [m[Kâ€˜[01m[Kkuangshi_array[m[Kâ€™ is not a member of â€˜[01m[Kkuang_interfaces::msg[m[Kâ€™; did you mean â€˜[01m[KKuangshiArray[m[Kâ€™?
[4.046s]    13 |         pub_messgae = this->create_publisher<kuang_interfaces::msg::[01;31m[Kkuangshi_array[m[K>("kuangshi_msg",10);
[4.046s]       |                                                                     [01;31m[K^~~~~~~~~~~~~~[m[K
[4.046s]       |                                                                     [32m[KKuangshiArray[m[K
[4.047s] [01m[K/home/kuanghaoze/d2lros2/game_ws/kuang_jie/src/kuangjie.cpp:13:84:[m[K [01;31m[Kerror: [m[Kno matching function for call to â€˜[01m[KPublishNode::create_publisher<<expression error> >(const char [13], int)[m[Kâ€™
[4.047s]    13 |         pub_messgae = [01;31m[Kthis->create_publisher<kuang_interfaces::msg::kuangshi_array>("kuangshi_msg",10)[m[K;
[4.047s]       |                       [01;31m[K~~~~~~~~~~~~~~~~~~~~~~~~~~~~~~~~~~~~~~~~~~~~~~~~~~~~~~~~~~~~~^~~~~~~~~~~~~~~~~~~[m[K
[4.047s] In file included from [01m[K/opt/ros/humble/include/rclcpp/rclcpp/executors/single_threaded_executor.hpp:28[m[K,
[4.047s]                  from [01m[K/opt/ros/humble/include/rclcpp/rclcpp/executors.hpp:22[m[K,
[4.047s]                  from [01m[K/opt/ros/humble/include/rclcpp/rclcpp/rclcpp.hpp:155[m[K,
[4.047s]                  from [01m[K/home/kuanghaoze/d2lros2/game_ws/kuang_jie/src/kuangjie.cpp:1[m[K:
[4.048s] [01m[K/opt/ros/humble/include/rclcpp/rclcpp/node.hpp:195:3:[m[K [01;36m[Knote: [m[Kcandidate: â€˜[01m[Ktemplate<class MessageT, class AllocatorT, class PublisherT> std::shared_ptr<PublisherT> rclcpp::Node::create_publisher(const string&, const rclcpp::QoS&, const rclcpp::PublisherOptionsWithAllocator<AllocatorT>&)[m[Kâ€™
[4.048s]   195 |   [01;36m[Kcreate_publisher[m[K(
[4.048s]       |   [01;36m[K^~~~~~~~~~~~~~~~[m[K
[4.048s] [01m[K/opt/ros/humble/include/rclcpp/rclcpp/node.hpp:195:3:[m[K [01;36m[Knote: [m[K  template argument deduction/substitution failed:
[4.048s] [01m[K/home/kuanghaoze/d2lros2/game_ws/kuang_jie/src/kuangjie.cpp:13:84:[m[K [01;31m[Kerror: [m[Ktemplate argument 1 is invalid
[4.048s]    13 |         pub_messgae = [01;31m[Kthis->create_publisher<kuang_interfaces::msg::kuangshi_array>("kuangshi_msg",10)[m[K;
[4.048s]       |                       [01;31m[K~~~~~~~~~~~~~~~~~~~~~~~~~~~~~~~~~~~~~~~~~~~~~~~~~~~~~~~~~~~~~^~~~~~~~~~~~~~~~~~~[m[K
[4.628s] gmake[2]: *** [CMakeFiles/kuangjie_node.dir/build.make:76ï¼šCMakeFiles/kuangjie_node.dir/src/kuangjie.cpp.o] é”™è¯¯ 1
[4.628s] gmake[1]: *** [CMakeFiles/Makefile2:137ï¼šCMakeFiles/kuangjie_node.dir/all] é”™è¯¯ 2
[4.629s] gmake: *** [Makefile:146ï¼šall] é”™è¯¯ 2
[4.632s] Invoked command in '/home/kuanghaoze/d2lros2/game_ws/build/kuang_jie' returned '2': CMAKE_PREFIX_PATH=${CMAKE_PREFIX_PATH}:/opt/ros/humble /usr/bin/cmake --build /home/kuanghaoze/d2lros2/game_ws/build/kuang_jie -- -j16 -l16
