[0.023s] Invoking command in '/home/kuanghaoze/d2lros2/game_ws/build/kuang_jie': CMAKE_PREFIX_PATH=${CMAKE_PREFIX_PATH}:/opt/ros/humble /usr/bin/cmake --build /home/kuanghaoze/d2lros2/game_ws/build/kuang_jie -- -j16 -l16
[0.033s] gmake: è­¦å‘Šï¼šæ–‡ä»¶â€œMakefileâ€çš„ä¿®æ”¹æ—¶é—´åœ¨æœªæ¥ 27779 ç§’å
[0.079s] gmake[1]: è­¦å‘Šï¼šæ–‡ä»¶â€œCMakeFiles/Makefile2â€çš„ä¿®æ”¹æ—¶é—´åœ¨æœªæ¥ 27779 ç§’å
[0.083s] gmake[2]: è­¦å‘Šï¼šæ–‡ä»¶â€œCMakeFiles/kuangjie_node.dir/flags.makeâ€çš„ä¿®æ”¹æ—¶é—´åœ¨æœªæ¥ 27779 ç§’å
[0.099s] [35m[1mConsolidate compiler generated dependencies of target kuangjie_node[0m
[0.109s] gmake[2]: è­¦å‘Šï¼šæ£€æµ‹åˆ°æ—¶é’Ÿé”™è¯¯ã€‚æ‚¨çš„æ„å»ºç‰ˆæœ¬å¯èƒ½æ˜¯ä¸å®Œæ•´çš„ã€‚
[0.113s] gmake[2]: è­¦å‘Šï¼šæ–‡ä»¶â€œCMakeFiles/kuangjie_node.dir/flags.makeâ€çš„ä¿®æ”¹æ—¶é—´åœ¨æœªæ¥ 27779 ç§’å
[0.126s] [ 50%] [32mBuilding CXX object CMakeFiles/kuangjie_node.dir/src/kuangjie.cpp.o[0m
[2.874s] [01m[K/home/kuanghaoze/d2lros2/game_ws/kuang_jie/src/kuangjie.cpp:22:10:[m[K [01;31m[Kerror: [m[Kâ€˜[01m[Kint64[m[Kâ€™ in namespace â€˜[01m[Kstd[m[Kâ€™ does not name a type; did you mean â€˜[01m[Kint64_t[m[Kâ€™?
[2.874s]    22 |     std::[01;31m[Kint64[m[K num = 3;
[2.874s]       |          [01;31m[K^~~~~[m[K
[2.874s]       |          [32m[Kint64_t[m[K
[2.884s] [01m[K/home/kuanghaoze/d2lros2/game_ws/kuang_jie/src/kuangjie.cpp:[m[K In member function â€˜[01m[Kvoid PublishNode::publish_node()[m[Kâ€™:
[2.884s] [01m[K/home/kuanghaoze/d2lros2/game_ws/kuang_jie/src/kuangjie.cpp:26:34:[m[K [01;31m[Kerror: [m[Kâ€˜[01m[Knum[m[Kâ€™ was not declared in this scope; did you mean â€˜[01m[Kenum[m[Kâ€™?
[2.885s]    26 |         message.data[0].number = [01;31m[Knum[m[K;
[2.885s]       |                                  [01;31m[K^~~[m[K
[2.885s]       |                                  [32m[Kenum[m[K
[2.885s] In file included from [01m[K/opt/ros/humble/include/rclcpp/rclcpp/logging.hpp:24[m[K,
[2.885s]                  from [01m[K/opt/ros/humble/include/rclcpp/rclcpp/client.hpp:40[m[K,
[2.885s]                  from [01m[K/opt/ros/humble/include/rclcpp/rclcpp/callback_group.hpp:24[m[K,
[2.886s]                  from [01m[K/opt/ros/humble/include/rclcpp/rclcpp/any_executable.hpp:20[m[K,
[2.886s]                  from [01m[K/opt/ros/humble/include/rclcpp/rclcpp/memory_strategy.hpp:25[m[K,
[2.886s]                  from [01m[K/opt/ros/humble/include/rclcpp/rclcpp/memory_strategies.hpp:18[m[K,
[2.886s]                  from [01m[K/opt/ros/humble/include/rclcpp/rclcpp/executor_options.hpp:20[m[K,
[2.886s]                  from [01m[K/opt/ros/humble/include/rclcpp/rclcpp/executor.hpp:37[m[K,
[2.886s]                  from [01m[K/opt/ros/humble/include/rclcpp/rclcpp/executors/multi_threaded_executor.hpp:25[m[K,
[2.886s]                  from [01m[K/opt/ros/humble/include/rclcpp/rclcpp/executors.hpp:21[m[K,
[2.887s]                  from [01m[K/opt/ros/humble/include/rclcpp/rclcpp/rclcpp.hpp:155[m[K,
[2.887s]                  from [01m[K/home/kuanghaoze/d2lros2/game_ws/kuang_jie/src/kuangjie.cpp:1[m[K:
[2.887s] [01m[K/home/kuanghaoze/d2lros2/game_ws/kuang_jie/src/kuangjie.cpp:27:40:[m[K [01;35m[Kwarning: [m[Kformat â€˜[01m[K%d[m[Kâ€™ expects argument of type â€˜[01m[Kint[m[Kâ€™, but argument 5 has type â€˜[01m[Kkuang_interfaces::msg::Kuangshi_<std::allocator<void> >::_number_type[m[Kâ€™ {aka â€˜[01m[Kstd_msgs::msg::Int64_<std::allocator<void> >[m[Kâ€™} [[01;35m[K]8;;https://gcc.gnu.org/onlinedocs/gcc/Warning-Options.html#index-Wformat=-Wformat=]8;;[m[K]
[2.887s]    27 |         RCLCPP_INFO(this->get_logger(),[01;35m[K"%d"[m[K,message.data[0].number);
[2.887s]       |                                        [01;35m[K^~~~[m[K
[2.887s] [01m[K/home/kuanghaoze/d2lros2/game_ws/kuang_jie/src/kuangjie.cpp:27:42:[m[K [01;36m[Knote: [m[Kformat string is defined here
[2.887s]    27 |         RCLCPP_INFO(this->get_logger(),"[01;36m[K%d[m[K",message.data[0].number);
[2.888s]       |                                         [01;36m[K~^[m[K
[2.888s]       |                                          [01;36m[K|[m[K
[2.888s]       |                                          [01;36m[Kint[m[K
[3.693s] gmake[2]: *** [CMakeFiles/kuangjie_node.dir/build.make:76ï¼šCMakeFiles/kuangjie_node.dir/src/kuangjie.cpp.o] é”™è¯¯ 1
[3.693s] gmake[1]: *** [CMakeFiles/Makefile2:137ï¼šCMakeFiles/kuangjie_node.dir/all] é”™è¯¯ 2
[3.694s] gmake: *** [Makefile:146ï¼šall] é”™è¯¯ 2
[3.698s] Invoked command in '/home/kuanghaoze/d2lros2/game_ws/build/kuang_jie' returned '2': CMAKE_PREFIX_PATH=${CMAKE_PREFIX_PATH}:/opt/ros/humble /usr/bin/cmake --build /home/kuanghaoze/d2lros2/game_ws/build/kuang_jie -- -j16 -l16
