-- The C compiler identification is GNU 11.4.0
-- The CXX compiler identification is GNU 11.4.0
-- Detecting C compiler ABI info
-- Detecting C compiler ABI info - done
-- Check for working C compiler: /usr/bin/cc - skipped
-- Detecting C compile features
-- Detecting C compile features - done
-- Detecting CXX compiler ABI info
-- Detecting CXX compiler ABI info - done
-- Check for working CXX compiler: /usr/bin/c++ - skipped
-- Detecting CXX compile features
-- Detecting CXX compile features - done
-- Found ament_cmake: 1.3.5 (/opt/ros/humble/share/ament_cmake/cmake)
-- Found Python3: /usr/bin/python3.10 (found version "3.10.12") found components: Interpreter 
-- Found rclcpp: 16.0.4 (/opt/ros/humble/share/rclcpp/cmake)
-- Found rosidl_generator_c: 3.1.4 (/opt/ros/humble/share/rosidl_generator_c/cmake)
-- Found rosidl_adapter: 3.1.4 (/opt/ros/humble/share/rosidl_adapter/cmake)
-- Found rosidl_generator_cpp: 3.1.4 (/opt/ros/humble/share/rosidl_generator_cpp/cmake)
-- Using all available rosidl_typesupport_c: rosidl_typesupport_fastrtps_c;rosidl_typesupport_introspection_c
-- Using all available rosidl_typesupport_cpp: rosidl_typesupport_fastrtps_cpp;rosidl_typesupport_introspection_cpp
-- Found rmw_implementation_cmake: 6.1.1 (/opt/ros/humble/share/rmw_implementation_cmake/cmake)
-- Found rmw_cyclonedds_cpp: 1.3.4 (/opt/ros/humble/share/rmw_cyclonedds_cpp/cmake)
-- Using RMW implementation 'rmw_cyclonedds_cpp' as default
-- Looking for pthread.h
-- Looking for pthread.h - found
-- Performing Test CMAKE_HAVE_LIBC_PTHREAD
-- Performing Test CMAKE_HAVE_LIBC_PTHREAD - Success
-- Found Threads: TRUE  
-- Found ament_lint_auto: 0.12.6 (/opt/ros/humble/share/ament_lint_auto/cmake)
-- Added test 'cppcheck' to perform static code analysis on C / C++ code
-- Configured cppcheck include dirs: 
-- Configured cppcheck exclude dirs and/or files: 
-- Added test 'lint_cmake' to check CMake code style
-- Added test 'uncrustify' to check C / C++ code style
-- Configured uncrustify additional arguments: 
-- Added test 'xmllint' to check XML markup files
-- Configuring done
-- Generating done
-- Build files have been written to: /home/kuanghaoze/d2lros2/game_ws/build/kuang_jie
[ 50%] [32mBuilding CXX object CMakeFiles/kuangjie_node.dir/src/kuangjie.cpp.o[0m
[01m[K/home/kuanghaoze/d2lros2/game_ws/kuang_jie/src/kuangjie.cpp:15:23:[m[K [01;31m[Kerror: [m[Kwrong number of template arguments (0, should be at least 1)
   15 |     rclcpp::Publisher<[01;31m[K>[m[K::SharedPtr  pub_messgae;
      |                       [01;31m[K^[m[K
In file included from [01m[K/opt/ros/humble/include/rclcpp/rclcpp/topic_statistics/subscription_topic_statistics.hpp:31[m[K,
                 from [01m[K/opt/ros/humble/include/rclcpp/rclcpp/subscription.hpp:50[m[K,
                 from [01m[K/opt/ros/humble/include/rclcpp/rclcpp/any_executable.hpp:25[m[K,
                 from [01m[K/opt/ros/humble/include/rclcpp/rclcpp/memory_strategy.hpp:25[m[K,
                 from [01m[K/opt/ros/humble/include/rclcpp/rclcpp/memory_strategies.hpp:18[m[K,
                 from [01m[K/opt/ros/humble/include/rclcpp/rclcpp/executor_options.hpp:20[m[K,
                 from [01m[K/opt/ros/humble/include/rclcpp/rclcpp/executor.hpp:37[m[K,
                 from [01m[K/opt/ros/humble/include/rclcpp/rclcpp/executors/multi_threaded_executor.hpp:25[m[K,
                 from [01m[K/opt/ros/humble/include/rclcpp/rclcpp/executors.hpp:21[m[K,
                 from [01m[K/opt/ros/humble/include/rclcpp/rclcpp/rclcpp.hpp:155[m[K,
                 from [01m[K/home/kuanghaoze/d2lros2/game_ws/kuang_jie/src/kuangjie.cpp:1[m[K:
[01m[K/opt/ros/humble/include/rclcpp/rclcpp/publisher.hpp:77:7:[m[K [01;36m[Knote: [m[Kprovided for â€˜[01m[Ktemplate<class MessageT, class AllocatorT> class rclcpp::Publisher[m[Kâ€™
   77 | class [01;36m[KPublisher[m[K : public PublisherBase
      |       [01;36m[K^~~~~~~~~[m[K
[01m[K/home/kuanghaoze/d2lros2/game_ws/kuang_jie/src/kuangjie.cpp:15:26:[m[K [01;31m[Kerror: [m[Kexpected â€˜[01m[K;[m[Kâ€™ at end of member declaration
   15 |     rclcpp::Publisher<>::[01;31m[KSharedPtr[m[K  pub_messgae;
      |                          [01;31m[K^~~~~~~~~[m[K
      |                                   [32m[K;[m[K
[01m[K/home/kuanghaoze/d2lros2/game_ws/kuang_jie/src/kuangjie.cpp:15:37:[m[K [01;31m[Kerror: [m[Kâ€˜[01m[Kpub_messgae[m[Kâ€™ does not name a type
   15 |     rclcpp::Publisher<>::SharedPtr  [01;31m[Kpub_messgae[m[K;
      |                                     [01;31m[K^~~~~~~~~~~[m[K
[01m[K/home/kuanghaoze/d2lros2/game_ws/kuang_jie/src/kuangjie.cpp:19:2:[m[K [01;31m[Kerror: [m[Kexpected â€˜[01m[K;[m[Kâ€™ after class definition
   19 | }
      |  [01;31m[K^[m[K
      |  [32m[K;[m[K
[01m[K/home/kuanghaoze/d2lros2/game_ws/kuang_jie/src/kuangjie.cpp:[m[K In constructor â€˜[01m[KPublishNode::PublishNode()[m[Kâ€™:
[01m[K/home/kuanghaoze/d2lros2/game_ws/kuang_jie/src/kuangjie.cpp:10:15:[m[K [01;31m[Kerror: [m[Kâ€˜[01m[Kclass PublishNode[m[Kâ€™ has no member named â€˜[01m[Kdeclare_paremeter[m[Kâ€™; did you mean â€˜[01m[Kdeclare_parameter[m[Kâ€™?
   10 |         this->[01;31m[Kdeclare_paremeter[m[K("kuangshi_num",kuangshi_num);
      |               [01;31m[K^~~~~~~~~~~~~~~~~[m[K
      |               [32m[Kdeclare_parameter[m[K
[01m[K/home/kuanghaoze/d2lros2/game_ws/kuang_jie/src/kuangjie.cpp:[m[K In function â€˜[01m[Kint main(int, char**)[m[Kâ€™:
[01m[K/home/kuanghaoze/d2lros2/game_ws/kuang_jie/src/kuangjie.cpp:25:5:[m[K [01;31m[Kerror: [m[Kexpected â€˜[01m[K,[m[Kâ€™ or â€˜[01m[K;[m[Kâ€™ before â€˜[01m[Krclcpp[m[Kâ€™
   25 |     [01;31m[Krclcpp[m[K::spin(node);
      |     [01;31m[K^~~~~~[m[K
gmake[2]: *** [CMakeFiles/kuangjie_node.dir/build.make:76ï¼šCMakeFiles/kuangjie_node.dir/src/kuangjie.cpp.o] é”™è¯¯ 1
gmake[1]: *** [CMakeFiles/Makefile2:137ï¼šCMakeFiles/kuangjie_node.dir/all] é”™è¯¯ 2
gmake: *** [Makefile:146ï¼šall] é”™è¯¯ 2
