[0.024s] Invoking command in '/home/kuanghaoze/d2lros2/game_ws/build/kuang_jie': CMAKE_PREFIX_PATH=/opt/ros/humble /usr/bin/cmake /home/kuanghaoze/d2lros2/game_ws/kuang_jie -DCMAKE_INSTALL_PREFIX=/home/kuanghaoze/d2lros2/game_ws/install/kuang_jie
[0.161s] -- The C compiler identification is GNU 11.4.0
[0.266s] -- The CXX compiler identification is GNU 11.4.0
[0.279s] -- Detecting C compiler ABI info
[0.378s] -- Detecting C compiler ABI info - done
[0.388s] -- Check for working C compiler: /usr/bin/cc - skipped
[0.389s] -- Detecting C compile features
[0.389s] -- Detecting C compile features - done
[0.394s] -- Detecting CXX compiler ABI info
[0.494s] -- Detecting CXX compiler ABI info - done
[0.504s] -- Check for working CXX compiler: /usr/bin/c++ - skipped
[0.505s] -- Detecting CXX compile features
[0.505s] -- Detecting CXX compile features - done
[0.516s] -- Found ament_cmake: 1.3.5 (/opt/ros/humble/share/ament_cmake/cmake)
[0.759s] -- Found Python3: /usr/bin/python3.10 (found version "3.10.12") found components: Interpreter 
[0.885s] -- Found rclcpp: 16.0.4 (/opt/ros/humble/share/rclcpp/cmake)
[0.956s] -- Found rosidl_generator_c: 3.1.4 (/opt/ros/humble/share/rosidl_generator_c/cmake)
[0.963s] -- Found rosidl_adapter: 3.1.4 (/opt/ros/humble/share/rosidl_adapter/cmake)
[0.975s] -- Found rosidl_generator_cpp: 3.1.4 (/opt/ros/humble/share/rosidl_generator_cpp/cmake)
[0.996s] -- Using all available rosidl_typesupport_c: rosidl_typesupport_fastrtps_c;rosidl_typesupport_introspection_c
[1.029s] -- Using all available rosidl_typesupport_cpp: rosidl_typesupport_fastrtps_cpp;rosidl_typesupport_introspection_cpp
[1.139s] -- Found rmw_implementation_cmake: 6.1.1 (/opt/ros/humble/share/rmw_implementation_cmake/cmake)
[1.144s] -- Found rmw_cyclonedds_cpp: 1.3.4 (/opt/ros/humble/share/rmw_cyclonedds_cpp/cmake)
[1.199s] -- Using RMW implementation 'rmw_cyclonedds_cpp' as default
[1.214s] -- Looking for pthread.h
[1.309s] -- Looking for pthread.h - found
[1.309s] -- Performing Test CMAKE_HAVE_LIBC_PTHREAD
[1.393s] -- Performing Test CMAKE_HAVE_LIBC_PTHREAD - Success
[1.394s] -- Found Threads: TRUE  
[1.651s] -- Found ament_lint_auto: 0.12.6 (/opt/ros/humble/share/ament_lint_auto/cmake)
[1.762s] -- Added test 'cppcheck' to perform static code analysis on C / C++ code
[1.762s] -- Configured cppcheck include dirs: 
[1.762s] -- Configured cppcheck exclude dirs and/or files: 
[1.763s] -- Added test 'lint_cmake' to check CMake code style
[1.764s] -- Added test 'uncrustify' to check C / C++ code style
[1.764s] -- Configured uncrustify additional arguments: 
[1.765s] -- Added test 'xmllint' to check XML markup files
[1.767s] -- Configuring done
[1.777s] -- Generating done
[1.778s] -- Build files have been written to: /home/kuanghaoze/d2lros2/game_ws/build/kuang_jie
[1.786s] Invoked command in '/home/kuanghaoze/d2lros2/game_ws/build/kuang_jie' returned '0': CMAKE_PREFIX_PATH=/opt/ros/humble /usr/bin/cmake /home/kuanghaoze/d2lros2/game_ws/kuang_jie -DCMAKE_INSTALL_PREFIX=/home/kuanghaoze/d2lros2/game_ws/install/kuang_jie
[1.789s] Invoking command in '/home/kuanghaoze/d2lros2/game_ws/build/kuang_jie': CMAKE_PREFIX_PATH=/opt/ros/humble /usr/bin/cmake --build /home/kuanghaoze/d2lros2/game_ws/build/kuang_jie -- -j16 -l16
[1.850s] [ 50%] [32mBuilding CXX object CMakeFiles/kuangjie_node.dir/src/kuangjie.cpp.o[0m
[4.603s] [01m[K/home/kuanghaoze/d2lros2/game_ws/kuang_jie/src/kuangjie.cpp:15:23:[m[K [01;31m[Kerror: [m[Kwrong number of template arguments (0, should be at least 1)
[4.604s]    15 |     rclcpp::Publisher<[01;31m[K>[m[K::SharedPtr  pub_messgae;
[4.604s]       |                       [01;31m[K^[m[K
[4.610s] In file included from [01m[K/opt/ros/humble/include/rclcpp/rclcpp/topic_statistics/subscription_topic_statistics.hpp:31[m[K,
[4.610s]                  from [01m[K/opt/ros/humble/include/rclcpp/rclcpp/subscription.hpp:50[m[K,
[4.610s]                  from [01m[K/opt/ros/humble/include/rclcpp/rclcpp/any_executable.hpp:25[m[K,
[4.610s]                  from [01m[K/opt/ros/humble/include/rclcpp/rclcpp/memory_strategy.hpp:25[m[K,
[4.610s]                  from [01m[K/opt/ros/humble/include/rclcpp/rclcpp/memory_strategies.hpp:18[m[K,
[4.610s]                  from [01m[K/opt/ros/humble/include/rclcpp/rclcpp/executor_options.hpp:20[m[K,
[4.611s]                  from [01m[K/opt/ros/humble/include/rclcpp/rclcpp/executor.hpp:37[m[K,
[4.611s]                  from [01m[K/opt/ros/humble/include/rclcpp/rclcpp/executors/multi_threaded_executor.hpp:25[m[K,
[4.611s]                  from [01m[K/opt/ros/humble/include/rclcpp/rclcpp/executors.hpp:21[m[K,
[4.611s]                  from [01m[K/opt/ros/humble/include/rclcpp/rclcpp/rclcpp.hpp:155[m[K,
[4.611s]                  from [01m[K/home/kuanghaoze/d2lros2/game_ws/kuang_jie/src/kuangjie.cpp:1[m[K:
[4.611s] [01m[K/opt/ros/humble/include/rclcpp/rclcpp/publisher.hpp:77:7:[m[K [01;36m[Knote: [m[Kprovided for â€˜[01m[Ktemplate<class MessageT, class AllocatorT> class rclcpp::Publisher[m[Kâ€™
[4.611s]    77 | class [01;36m[KPublisher[m[K : public PublisherBase
[4.612s]       |       [01;36m[K^~~~~~~~~[m[K
[4.612s] [01m[K/home/kuanghaoze/d2lros2/game_ws/kuang_jie/src/kuangjie.cpp:15:26:[m[K [01;31m[Kerror: [m[Kexpected â€˜[01m[K;[m[Kâ€™ at end of member declaration
[4.612s]    15 |     rclcpp::Publisher<>::[01;31m[KSharedPtr[m[K  pub_messgae;
[4.612s]       |                          [01;31m[K^~~~~~~~~[m[K
[4.612s]       |                                   [32m[K;[m[K
[4.613s] [01m[K/home/kuanghaoze/d2lros2/game_ws/kuang_jie/src/kuangjie.cpp:15:37:[m[K [01;31m[Kerror: [m[Kâ€˜[01m[Kpub_messgae[m[Kâ€™ does not name a type
[4.613s]    15 |     rclcpp::Publisher<>::SharedPtr  [01;31m[Kpub_messgae[m[K;
[4.613s]       |                                     [01;31m[K^~~~~~~~~~~[m[K
[4.614s] [01m[K/home/kuanghaoze/d2lros2/game_ws/kuang_jie/src/kuangjie.cpp:19:2:[m[K [01;31m[Kerror: [m[Kexpected â€˜[01m[K;[m[Kâ€™ after class definition
[4.614s]    19 | }
[4.614s]       |  [01;31m[K^[m[K
[4.614s]       |  [32m[K;[m[K
[4.614s] [01m[K/home/kuanghaoze/d2lros2/game_ws/kuang_jie/src/kuangjie.cpp:[m[K In constructor â€˜[01m[KPublishNode::PublishNode()[m[Kâ€™:
[4.615s] [01m[K/home/kuanghaoze/d2lros2/game_ws/kuang_jie/src/kuangjie.cpp:10:15:[m[K [01;31m[Kerror: [m[Kâ€˜[01m[Kclass PublishNode[m[Kâ€™ has no member named â€˜[01m[Kdeclare_paremeter[m[Kâ€™; did you mean â€˜[01m[Kdeclare_parameter[m[Kâ€™?
[4.615s]    10 |         this->[01;31m[Kdeclare_paremeter[m[K("kuangshi_num",kuangshi_num);
[4.615s]       |               [01;31m[K^~~~~~~~~~~~~~~~~[m[K
[4.615s]       |               [32m[Kdeclare_parameter[m[K
[4.617s] [01m[K/home/kuanghaoze/d2lros2/game_ws/kuang_jie/src/kuangjie.cpp:[m[K In function â€˜[01m[Kint main(int, char**)[m[Kâ€™:
[4.617s] [01m[K/home/kuanghaoze/d2lros2/game_ws/kuang_jie/src/kuangjie.cpp:25:5:[m[K [01;31m[Kerror: [m[Kexpected â€˜[01m[K,[m[Kâ€™ or â€˜[01m[K;[m[Kâ€™ before â€˜[01m[Krclcpp[m[Kâ€™
[4.618s]    25 |     [01;31m[Krclcpp[m[K::spin(node);
[4.618s]       |     [01;31m[K^~~~~~[m[K
[5.137s] gmake[2]: *** [CMakeFiles/kuangjie_node.dir/build.make:76ï¼šCMakeFiles/kuangjie_node.dir/src/kuangjie.cpp.o] é”™è¯¯ 1
[5.137s] gmake[1]: *** [CMakeFiles/Makefile2:137ï¼šCMakeFiles/kuangjie_node.dir/all] é”™è¯¯ 2
[5.138s] gmake: *** [Makefile:146ï¼šall] é”™è¯¯ 2
[5.141s] Invoked command in '/home/kuanghaoze/d2lros2/game_ws/build/kuang_jie' returned '2': CMAKE_PREFIX_PATH=/opt/ros/humble /usr/bin/cmake --build /home/kuanghaoze/d2lros2/game_ws/build/kuang_jie -- -j16 -l16
