-- Found ament_cmake: 1.3.5 (/opt/ros/humble/share/ament_cmake/cmake)
-- Found rclcpp: 16.0.4 (/opt/ros/humble/share/rclcpp/cmake)
-- Found rosidl_generator_c: 3.1.4 (/opt/ros/humble/share/rosidl_generator_c/cmake)
-- Found rosidl_adapter: 3.1.4 (/opt/ros/humble/share/rosidl_adapter/cmake)
-- Found rosidl_generator_cpp: 3.1.4 (/opt/ros/humble/share/rosidl_generator_cpp/cmake)
-- Using all available rosidl_typesupport_c: rosidl_typesupport_fastrtps_c;rosidl_typesupport_introspection_c
-- Using all available rosidl_typesupport_cpp: rosidl_typesupport_fastrtps_cpp;rosidl_typesupport_introspection_cpp
-- Found rmw_implementation_cmake: 6.1.1 (/opt/ros/humble/share/rmw_implementation_cmake/cmake)
-- Found rmw_cyclonedds_cpp: 1.3.4 (/opt/ros/humble/share/rmw_cyclonedds_cpp/cmake)
-- Using RMW implementation 'rmw_cyclonedds_cpp' as default
-- Found kuang_interfaces: 0.0.0 (/home/kuanghaoze/d2lros2/game_ws/install/kuang_interfaces/share/kuang_interfaces/cmake)
-- Found ament_lint_auto: 0.12.6 (/opt/ros/humble/share/ament_lint_auto/cmake)
-- Added test 'cppcheck' to perform static code analysis on C / C++ code
-- Configured cppcheck include dirs: 
-- Configured cppcheck exclude dirs and/or files: 
-- Added test 'lint_cmake' to check CMake code style
-- Added test 'uncrustify' to check C / C++ code style
-- Configured uncrustify additional arguments: 
-- Added test 'xmllint' to check XML markup files
-- Configuring done
-- Generating done
-- Build files have been written to: /home/kuanghaoze/d2lros2/game_ws/build/kuang_jie
[35m[1mConsolidate compiler generated dependencies of target kuangjie_node[0m
[ 50%] [32mBuilding CXX object CMakeFiles/kuangjie_node.dir/src/kuangjie.cpp.o[0m
[01m[K/home/kuanghaoze/d2lros2/game_ws/kuang_jie/src/kuangjie.cpp:24:30:[m[K [01;31m[Kerror: [m[Kextended character ã€ is not valid in an identifier
   24 |         this->publish_node();[01;31m[Kã€[m[K
      |                              [01;31m[K^[m[K
[01m[K/home/kuanghaoze/d2lros2/game_ws/kuang_jie/src/kuangjie.cpp:[m[K In constructor â€˜[01m[KPublishNode::PublishNode()[m[Kâ€™:
[01m[K/home/kuanghaoze/d2lros2/game_ws/kuang_jie/src/kuangjie.cpp:24:30:[m[K [01;31m[Kerror: [m[Kâ€˜[01m[Kã€[m[Kâ€™ was not declared in this scope
   24 |         this->publish_node();[01;31m[Kã€[m[K
      |                              [01;31m[K^~[m[K
[01m[K/home/kuanghaoze/d2lros2/game_ws/kuang_jie/src/kuangjie.cpp:[m[K In member function â€˜[01m[Kvoid PublishNode::cai_kuang_callback(kuang_interfaces::srv::Caikuang_Request_<std::allocator<void> >::SharedPtr, kuang_interfaces::srv::Caikuang_Response_<std::allocator<void> >::SharedPtr)[m[Kâ€™:
[01m[K/home/kuanghaoze/d2lros2/game_ws/kuang_jie/src/kuangjie.cpp:74:20:[m[K [01;31m[Kerror: [m[Kâ€˜[01m[Kusing element_type = struct kuang_interfaces::srv::Caikuang_Response_<std::allocator<void> >[m[Kâ€™ {aka â€˜[01m[Kstruct kuang_interfaces::srv::Caikuang_Response_<std::allocator<void> >[m[Kâ€™} has no member named â€˜[01m[Kpositon[m[Kâ€™; did you mean â€˜[01m[Kposition[m[Kâ€™?
   74 |         (response->[01;31m[Kpositon[m[K).x = message.data_array[request->id - 1].position.x;
      |                    [01;31m[K^~~~~~~[m[K
      |                    [32m[Kposition[m[K
[01m[K/home/kuanghaoze/d2lros2/game_ws/kuang_jie/src/kuangjie.cpp:74:33:[m[K [01;31m[Kerror: [m[Kâ€˜[01m[Kmessage[m[Kâ€™ was not declared in this scope
   74 |         (response->positon).x = [01;31m[Kmessage[m[K.data_array[request->id - 1].position.x;
      |                                 [01;31m[K^~~~~~~[m[K
[01m[K/home/kuanghaoze/d2lros2/game_ws/kuang_jie/src/kuangjie.cpp:75:20:[m[K [01;31m[Kerror: [m[Kâ€˜[01m[Kusing element_type = struct kuang_interfaces::srv::Caikuang_Response_<std::allocator<void> >[m[Kâ€™ {aka â€˜[01m[Kstruct kuang_interfaces::srv::Caikuang_Response_<std::allocator<void> >[m[Kâ€™} has no member named â€˜[01m[Kpositon[m[Kâ€™; did you mean â€˜[01m[Kposition[m[Kâ€™?
   75 |         (response->[01;31m[Kpositon[m[K).y = message.data_array[request->id - 1].position.y;
      |                    [01;31m[K^~~~~~~[m[K
      |                    [32m[Kposition[m[K
[01m[K/home/kuanghaoze/d2lros2/game_ws/kuang_jie/src/kuangjie.cpp:76:20:[m[K [01;31m[Kerror: [m[Kâ€˜[01m[Kusing element_type = struct kuang_interfaces::srv::Caikuang_Response_<std::allocator<void> >[m[Kâ€™ {aka â€˜[01m[Kstruct kuang_interfaces::srv::Caikuang_Response_<std::allocator<void> >[m[Kâ€™} has no member named â€˜[01m[Kpositon[m[Kâ€™; did you mean â€˜[01m[Kposition[m[Kâ€™?
   76 |         (response->[01;31m[Kpositon[m[K).z = message.data_array[request->id - 1].position.z;
      |                    [01;31m[K^~~~~~~[m[K
      |                    [32m[Kposition[m[K
gmake[2]: *** [CMakeFiles/kuangjie_node.dir/build.make:76ï¼šCMakeFiles/kuangjie_node.dir/src/kuangjie.cpp.o] é”™è¯¯ 1
gmake[1]: *** [CMakeFiles/Makefile2:137ï¼šCMakeFiles/kuangjie_node.dir/all] é”™è¯¯ 2
gmake: *** [Makefile:146ï¼šall] é”™è¯¯ 2
