[35m[1mConsolidate compiler generated dependencies of target kuangjie_node[0m
[ 50%] [32mBuilding CXX object CMakeFiles/kuangjie_node.dir/src/kuangjie.cpp.o[0m
[01m[K/home/kuanghaoze/d2lros2/game_ws/kuang_jie/src/kuangjie.cpp:[m[K In member function â€˜[01m[Kvoid PublishNode::timer_callback()[m[Kâ€™:
[01m[K/home/kuanghaoze/d2lros2/game_ws/kuang_jie/src/kuangjie.cpp:52:13:[m[K [01;31m[Kerror: [m[Kbreak statement not within loop or switch
   52 |             [01;31m[Kbreak[m[K;
      |             [01;31m[K^~~~~[m[K
gmake[2]: *** [CMakeFiles/kuangjie_node.dir/build.make:76ï¼šCMakeFiles/kuangjie_node.dir/src/kuangjie.cpp.o] é”™è¯¯ 1
gmake[1]: *** [CMakeFiles/Makefile2:137ï¼šCMakeFiles/kuangjie_node.dir/all] é”™è¯¯ 2
gmake: *** [Makefile:146ï¼šall] é”™è¯¯ 2
