[0.016s] Invoking command in '/home/kuanghaoze/d2lros2/game_ws/build/kuang_jie': CMAKE_PREFIX_PATH=/home/kuanghaoze/d2lros2/game_ws/install/kuang_interfaces:/home/kuanghaoze/d2lros2/game_ws/install/kuang_jie:/home/kuanghaoze/d2lros2/game_ws/install/kuang_gong:/opt/ros/humble /usr/bin/cmake --build /home/kuanghaoze/d2lros2/game_ws/build/kuang_jie -- -j16 -l16
[0.072s] [35m[1mConsolidate compiler generated dependencies of target kuangjie_node[0m
[0.094s] [ 50%] [32mBuilding CXX object CMakeFiles/kuangjie_node.dir/src/kuangjie.cpp.o[0m
[2.045s] [01m[K/home/kuanghaoze/d2lros2/game_ws/kuang_jie/src/kuangjie.cpp:48:5:[m[K [01;31m[Kerror: [m[Kâ€˜[01m[Kstdd[m[Kâ€™ does not name a type
[2.045s]    48 |     [01;31m[Kstdd[m[K::vector<kuang_interfaces::msg::KuangshiArray> vec1;
[2.046s]       |     [01;31m[K^~~~[m[K
[2.061s] [01m[K/home/kuanghaoze/d2lros2/game_ws/kuang_jie/src/kuangjie.cpp:[m[K In member function â€˜[01m[Kvoid PublishNode::publish_node()[m[Kâ€™:
[2.061s] [01m[K/home/kuanghaoze/d2lros2/game_ws/kuang_jie/src/kuangjie.cpp:89:9:[m[K [01;31m[Kerror: [m[Kâ€˜[01m[Kvec1[m[Kâ€™ was not declared in this scope; did you mean â€˜[01m[Kvec[m[Kâ€™?
[2.062s]    89 |         [01;31m[Kvec1[m[K.resize(kuangshi_num);
[2.062s]       |         [01;31m[K^~~~[m[K
[2.062s]       |         [32m[Kvec[m[K
[3.093s] gmake[2]: *** [CMakeFiles/kuangjie_node.dir/build.make:76ï¼šCMakeFiles/kuangjie_node.dir/src/kuangjie.cpp.o] é”™è¯¯ 1
[3.093s] gmake[1]: *** [CMakeFiles/Makefile2:137ï¼šCMakeFiles/kuangjie_node.dir/all] é”™è¯¯ 2
[3.094s] gmake: *** [Makefile:146ï¼šall] é”™è¯¯ 2
[3.096s] Invoked command in '/home/kuanghaoze/d2lros2/game_ws/build/kuang_jie' returned '2': CMAKE_PREFIX_PATH=/home/kuanghaoze/d2lros2/game_ws/install/kuang_interfaces:/home/kuanghaoze/d2lros2/game_ws/install/kuang_jie:/home/kuanghaoze/d2lros2/game_ws/install/kuang_gong:/opt/ros/humble /usr/bin/cmake --build /home/kuanghaoze/d2lros2/game_ws/build/kuang_jie -- -j16 -l16
