[0.013s] Invoking command in '/home/kuanghaoze/d2lros2/game_ws/build/kuang_jie': AMENT_PREFIX_PATH=/home/kuanghaoze/d2lros2/game_ws/install/kuang_interfaces:${AMENT_PREFIX_PATH} CMAKE_PREFIX_PATH=/home/kuanghaoze/d2lros2/game_ws/install/kuang_interfaces:/opt/ros/humble LD_LIBRARY_PATH=/home/kuanghaoze/d2lros2/game_ws/install/kuang_interfaces/lib:${LD_LIBRARY_PATH} PYTHONPATH=/home/kuanghaoze/d2lros2/game_ws/install/kuang_interfaces/local/lib/python3.10/dist-packages:${PYTHONPATH} /usr/bin/cmake --build /home/kuanghaoze/d2lros2/game_ws/build/kuang_jie -- -j16 -l16
[0.054s] [35m[1mConsolidate compiler generated dependencies of target kuangjie_node[0m
[0.069s] [ 50%] [32mBuilding CXX object CMakeFiles/kuangjie_node.dir/src/kuangjie.cpp.o[0m
[0.225s] [01m[K/home/kuanghaoze/d2lros2/game_ws/kuang_jie/src/kuangjie.cpp:24:30:[m[K [01;31m[Kerror: [m[Kextended character „ÄÅ is not valid in an identifier
[0.225s]    24 |         this->publish_node();[01;31m[K„ÄÅ[m[K
[0.225s]       |                              [01;31m[K^[m[K
[1.842s] [01m[K/home/kuanghaoze/d2lros2/game_ws/kuang_jie/src/kuangjie.cpp:[m[K In constructor ‚Äò[01m[KPublishNode::PublishNode()[m[K‚Äô:
[1.842s] [01m[K/home/kuanghaoze/d2lros2/game_ws/kuang_jie/src/kuangjie.cpp:24:30:[m[K [01;31m[Kerror: [m[K‚Äò[01m[K„ÄÅ[m[K‚Äô was not declared in this scope
[1.842s]    24 |         this->publish_node();[01;31m[K„ÄÅ[m[K
[1.843s]       |                              [01;31m[K^~[m[K
[1.851s] [01m[K/home/kuanghaoze/d2lros2/game_ws/kuang_jie/src/kuangjie.cpp:[m[K In member function ‚Äò[01m[Kvoid PublishNode::cai_kuang_callback(kuang_interfaces::srv::Caikuang_Request_<std::allocator<void> >::SharedPtr, kuang_interfaces::srv::Caikuang_Response_<std::allocator<void> >::SharedPtr)[m[K‚Äô:
[1.851s] [01m[K/home/kuanghaoze/d2lros2/game_ws/kuang_jie/src/kuangjie.cpp:75:34:[m[K [01;31m[Kerror: [m[K‚Äò[01m[Kmessage[m[K‚Äô was not declared in this scope
[1.851s]    75 |         (response->position).x = [01;31m[Kmessage[m[K.data_array[request->id - 1].position.x;
[1.851s]       |                                  [01;31m[K^~~~~~~[m[K
[2.452s] gmake[2]: *** [CMakeFiles/kuangjie_node.dir/build.make:76ÔºöCMakeFiles/kuangjie_node.dir/src/kuangjie.cpp.o] ÈîôËØØ 1
[2.452s] gmake[1]: *** [CMakeFiles/Makefile2:137ÔºöCMakeFiles/kuangjie_node.dir/all] ÈîôËØØ 2
[2.453s] gmake: *** [Makefile:146Ôºöall] ÈîôËØØ 2
[2.455s] Invoked command in '/home/kuanghaoze/d2lros2/game_ws/build/kuang_jie' returned '2': AMENT_PREFIX_PATH=/home/kuanghaoze/d2lros2/game_ws/install/kuang_interfaces:${AMENT_PREFIX_PATH} CMAKE_PREFIX_PATH=/home/kuanghaoze/d2lros2/game_ws/install/kuang_interfaces:/opt/ros/humble LD_LIBRARY_PATH=/home/kuanghaoze/d2lros2/game_ws/install/kuang_interfaces/lib:${LD_LIBRARY_PATH} PYTHONPATH=/home/kuanghaoze/d2lros2/game_ws/install/kuang_interfaces/local/lib/python3.10/dist-packages:${PYTHONPATH} /usr/bin/cmake --build /home/kuanghaoze/d2lros2/game_ws/build/kuang_jie -- -j16 -l16
