-- Found ament_cmake: 1.3.5 (/opt/ros/humble/share/ament_cmake/cmake)
-- Found rclcpp: 16.0.4 (/opt/ros/humble/share/rclcpp/cmake)
-- Found rosidl_generator_c: 3.1.4 (/opt/ros/humble/share/rosidl_generator_c/cmake)
-- Found rosidl_adapter: 3.1.4 (/opt/ros/humble/share/rosidl_adapter/cmake)
-- Found rosidl_generator_cpp: 3.1.4 (/opt/ros/humble/share/rosidl_generator_cpp/cmake)
-- Using all available rosidl_typesupport_c: rosidl_typesupport_fastrtps_c;rosidl_typesupport_introspection_c
-- Using all available rosidl_typesupport_cpp: rosidl_typesupport_fastrtps_cpp;rosidl_typesupport_introspection_cpp
-- Found rmw_implementation_cmake: 6.1.1 (/opt/ros/humble/share/rmw_implementation_cmake/cmake)
-- Found rmw_cyclonedds_cpp: 1.3.4 (/opt/ros/humble/share/rmw_cyclonedds_cpp/cmake)
-- Using RMW implementation 'rmw_cyclonedds_cpp' as default
-- Found ament_lint_auto: 0.12.6 (/opt/ros/humble/share/ament_lint_auto/cmake)
-- Added test 'cppcheck' to perform static code analysis on C / C++ code
-- Configured cppcheck include dirs: 
-- Configured cppcheck exclude dirs and/or files: 
-- Added test 'lint_cmake' to check CMake code style
-- Added test 'uncrustify' to check C / C++ code style
-- Configured uncrustify additional arguments: 
-- Added test 'xmllint' to check XML markup files
-- Configuring done
-- Generating done
-- Build files have been written to: /home/kuanghaoze/d2lros2/game_ws/build/kuang_gong
[ 50%] [32mBuilding CXX object CMakeFiles/kuanggong_node.dir/src/kuanggong.cpp.o[0m
[01m[K/home/kuanghaoze/d2lros2/game_ws/kuang_gong/src/kuanggong.cpp:6:5:[m[K [01;31m[Kerror: [m[KISO C++ forbids declaration of â€˜[01m[KPublishNode[m[Kâ€™ with no type [[01;31m[K]8;;https://gcc.gnu.org/onlinedocs/gcc/Warning-Options.html#index-fpermissive-fpermissive]8;;[m[K]
    6 |     [01;31m[KPublishNode[m[K() : Node("kuanggong")
      |     [01;31m[K^~~~~~~~~~~[m[K
[01m[K/home/kuanghaoze/d2lros2/game_ws/kuang_gong/src/kuanggong.cpp:[m[K In member function â€˜[01m[Kint SubscribeNode::PublishNode()[m[Kâ€™:
[01m[K/home/kuanghaoze/d2lros2/game_ws/kuang_gong/src/kuanggong.cpp:6:21:[m[K [01;31m[Kerror: [m[Konly constructors take member initializers
    6 |     PublishNode() : [01;31m[KNode[m[K("kuanggong")
      |                     [01;31m[K^~~~[m[K
[01m[K/home/kuanghaoze/d2lros2/game_ws/kuang_gong/src/kuanggong.cpp:10:5:[m[K [01;35m[Kwarning: [m[Kno return statement in function returning non-void [[01;35m[K]8;;https://gcc.gnu.org/onlinedocs/gcc/Warning-Options.html#index-Wreturn-type-Wreturn-type]8;;[m[K]
   10 |     [01;35m[K}[m[K
      |     [01;35m[K^[m[K
[01m[K/home/kuanghaoze/d2lros2/game_ws/kuang_gong/src/kuanggong.cpp:[m[K In function â€˜[01m[Kint main(int, char**)[m[Kâ€™:
[01m[K/home/kuanghaoze/d2lros2/game_ws/kuang_gong/src/kuanggong.cpp:20:34:[m[K [01;31m[Kerror: [m[Kâ€˜[01m[KPublishNode[m[Kâ€™ was not declared in this scope
   20 |     auto node = std::make_shared<[01;31m[KPublishNode[m[K>();
      |                                  [01;31m[K^~~~~~~~~~~[m[K
[01m[K/home/kuanghaoze/d2lros2/game_ws/kuang_gong/src/kuanggong.cpp:20:46:[m[K [01;31m[Kerror: [m[Kno matching function for call to â€˜[01m[Kmake_shared<<expression error> >()[m[Kâ€™
   20 |     auto node = [01;31m[Kstd::make_shared<PublishNode>()[m[K;
      |                 [01;31m[K~~~~~~~~~~~~~~~~~~~~~~~~~~~~~^~[m[K
In file included from [01m[K/usr/include/c++/11/memory:77[m[K,
                 from [01m[K/opt/ros/humble/include/rclcpp/rclcpp/rclcpp.hpp:153[m[K,
                 from [01m[K/home/kuanghaoze/d2lros2/game_ws/kuang_gong/src/kuanggong.cpp:1[m[K:
[01m[K/usr/include/c++/11/bits/shared_ptr.h:875:5:[m[K [01;36m[Knote: [m[Kcandidate: â€˜[01m[Ktemplate<class _Tp, class ... _Args> std::shared_ptr<_Tp> std::make_shared(_Args&& ...)[m[Kâ€™
  875 |     [01;36m[Kmake_shared[m[K(_Args&&... __args)
      |     [01;36m[K^~~~~~~~~~~[m[K
[01m[K/usr/include/c++/11/bits/shared_ptr.h:875:5:[m[K [01;36m[Knote: [m[K  template argument deduction/substitution failed:
[01m[K/home/kuanghaoze/d2lros2/game_ws/kuang_gong/src/kuanggong.cpp:20:46:[m[K [01;31m[Kerror: [m[Ktemplate argument 1 is invalid
   20 |     auto node = [01;31m[Kstd::make_shared<PublishNode>()[m[K;
      |                 [01;31m[K~~~~~~~~~~~~~~~~~~~~~~~~~~~~~^~[m[K
gmake[2]: *** [CMakeFiles/kuanggong_node.dir/build.make:76ï¼šCMakeFiles/kuanggong_node.dir/src/kuanggong.cpp.o] é”™è¯¯ 1
gmake[1]: *** [CMakeFiles/Makefile2:137ï¼šCMakeFiles/kuanggong_node.dir/all] é”™è¯¯ 2
gmake: *** [Makefile:146ï¼šall] é”™è¯¯ 2
