[0.021s] Invoking command in '/home/kuanghaoze/d2lros2/game_ws/build/kuang_gong': CMAKE_PREFIX_PATH=/opt/ros/humble /usr/bin/cmake /home/kuanghaoze/d2lros2/game_ws/kuang_gong -DCMAKE_INSTALL_PREFIX=/home/kuanghaoze/d2lros2/game_ws/install/kuang_gong
[0.045s] -- Found ament_cmake: 1.3.5 (/opt/ros/humble/share/ament_cmake/cmake)
[0.264s] -- Found rclcpp: 16.0.4 (/opt/ros/humble/share/rclcpp/cmake)
[0.334s] -- Found rosidl_generator_c: 3.1.4 (/opt/ros/humble/share/rosidl_generator_c/cmake)
[0.337s] -- Found rosidl_adapter: 3.1.4 (/opt/ros/humble/share/rosidl_adapter/cmake)
[0.346s] -- Found rosidl_generator_cpp: 3.1.4 (/opt/ros/humble/share/rosidl_generator_cpp/cmake)
[0.361s] -- Using all available rosidl_typesupport_c: rosidl_typesupport_fastrtps_c;rosidl_typesupport_introspection_c
[0.384s] -- Using all available rosidl_typesupport_cpp: rosidl_typesupport_fastrtps_cpp;rosidl_typesupport_introspection_cpp
[0.471s] -- Found rmw_implementation_cmake: 6.1.1 (/opt/ros/humble/share/rmw_implementation_cmake/cmake)
[0.473s] -- Found rmw_cyclonedds_cpp: 1.3.4 (/opt/ros/humble/share/rmw_cyclonedds_cpp/cmake)
[0.515s] -- Using RMW implementation 'rmw_cyclonedds_cpp' as default
[0.749s] -- Found ament_lint_auto: 0.12.6 (/opt/ros/humble/share/ament_lint_auto/cmake)
[0.842s] -- Added test 'cppcheck' to perform static code analysis on C / C++ code
[0.842s] -- Configured cppcheck include dirs: 
[0.842s] -- Configured cppcheck exclude dirs and/or files: 
[0.843s] -- Added test 'lint_cmake' to check CMake code style
[0.843s] -- Added test 'uncrustify' to check C / C++ code style
[0.843s] -- Configured uncrustify additional arguments: 
[0.844s] -- Added test 'xmllint' to check XML markup files
[0.844s] -- Configuring done
[0.855s] -- Generating done
[0.857s] -- Build files have been written to: /home/kuanghaoze/d2lros2/game_ws/build/kuang_gong
[0.868s] Invoked command in '/home/kuanghaoze/d2lros2/game_ws/build/kuang_gong' returned '0': CMAKE_PREFIX_PATH=/opt/ros/humble /usr/bin/cmake /home/kuanghaoze/d2lros2/game_ws/kuang_gong -DCMAKE_INSTALL_PREFIX=/home/kuanghaoze/d2lros2/game_ws/install/kuang_gong
[0.872s] Invoking command in '/home/kuanghaoze/d2lros2/game_ws/build/kuang_gong': CMAKE_PREFIX_PATH=/opt/ros/humble /usr/bin/cmake --build /home/kuanghaoze/d2lros2/game_ws/build/kuang_gong -- -j16 -l16
[0.956s] [ 50%] [32mBuilding CXX object CMakeFiles/kuanggong_node.dir/src/kuanggong.cpp.o[0m
[3.554s] [01m[K/home/kuanghaoze/d2lros2/game_ws/kuang_gong/src/kuanggong.cpp:6:5:[m[K [01;31m[Kerror: [m[KISO C++ forbids declaration of â€˜[01m[KPublishNode[m[Kâ€™ with no type [[01;31m[K]8;;https://gcc.gnu.org/onlinedocs/gcc/Warning-Options.html#index-fpermissive-fpermissive]8;;[m[K]
[3.554s]     6 |     [01;31m[KPublishNode[m[K() : Node("kuanggong")
[3.555s]       |     [01;31m[K^~~~~~~~~~~[m[K
[3.555s] [01m[K/home/kuanghaoze/d2lros2/game_ws/kuang_gong/src/kuanggong.cpp:[m[K In member function â€˜[01m[Kint SubscribeNode::PublishNode()[m[Kâ€™:
[3.555s] [01m[K/home/kuanghaoze/d2lros2/game_ws/kuang_gong/src/kuanggong.cpp:6:21:[m[K [01;31m[Kerror: [m[Konly constructors take member initializers
[3.555s]     6 |     PublishNode() : [01;31m[KNode[m[K("kuanggong")
[3.555s]       |                     [01;31m[K^~~~[m[K
[3.556s] [01m[K/home/kuanghaoze/d2lros2/game_ws/kuang_gong/src/kuanggong.cpp:10:5:[m[K [01;35m[Kwarning: [m[Kno return statement in function returning non-void [[01;35m[K]8;;https://gcc.gnu.org/onlinedocs/gcc/Warning-Options.html#index-Wreturn-type-Wreturn-type]8;;[m[K]
[3.556s]    10 |     [01;35m[K}[m[K
[3.556s]       |     [01;35m[K^[m[K
[3.562s] [01m[K/home/kuanghaoze/d2lros2/game_ws/kuang_gong/src/kuanggong.cpp:[m[K In function â€˜[01m[Kint main(int, char**)[m[Kâ€™:
[3.562s] [01m[K/home/kuanghaoze/d2lros2/game_ws/kuang_gong/src/kuanggong.cpp:20:34:[m[K [01;31m[Kerror: [m[Kâ€˜[01m[KPublishNode[m[Kâ€™ was not declared in this scope
[3.562s]    20 |     auto node = std::make_shared<[01;31m[KPublishNode[m[K>();
[3.562s]       |                                  [01;31m[K^~~~~~~~~~~[m[K
[3.562s] [01m[K/home/kuanghaoze/d2lros2/game_ws/kuang_gong/src/kuanggong.cpp:20:46:[m[K [01;31m[Kerror: [m[Kno matching function for call to â€˜[01m[Kmake_shared<<expression error> >()[m[Kâ€™
[3.562s]    20 |     auto node = [01;31m[Kstd::make_shared<PublishNode>()[m[K;
[3.562s]       |                 [01;31m[K~~~~~~~~~~~~~~~~~~~~~~~~~~~~~^~[m[K
[3.563s] In file included from [01m[K/usr/include/c++/11/memory:77[m[K,
[3.563s]                  from [01m[K/opt/ros/humble/include/rclcpp/rclcpp/rclcpp.hpp:153[m[K,
[3.563s]                  from [01m[K/home/kuanghaoze/d2lros2/game_ws/kuang_gong/src/kuanggong.cpp:1[m[K:
[3.563s] [01m[K/usr/include/c++/11/bits/shared_ptr.h:875:5:[m[K [01;36m[Knote: [m[Kcandidate: â€˜[01m[Ktemplate<class _Tp, class ... _Args> std::shared_ptr<_Tp> std::make_shared(_Args&& ...)[m[Kâ€™
[3.563s]   875 |     [01;36m[Kmake_shared[m[K(_Args&&... __args)
[3.563s]       |     [01;36m[K^~~~~~~~~~~[m[K
[3.564s] [01m[K/usr/include/c++/11/bits/shared_ptr.h:875:5:[m[K [01;36m[Knote: [m[K  template argument deduction/substitution failed:
[3.564s] [01m[K/home/kuanghaoze/d2lros2/game_ws/kuang_gong/src/kuanggong.cpp:20:46:[m[K [01;31m[Kerror: [m[Ktemplate argument 1 is invalid
[3.564s]    20 |     auto node = [01;31m[Kstd::make_shared<PublishNode>()[m[K;
[3.564s]       |                 [01;31m[K~~~~~~~~~~~~~~~~~~~~~~~~~~~~~^~[m[K
[4.045s] gmake[2]: *** [CMakeFiles/kuanggong_node.dir/build.make:76ï¼šCMakeFiles/kuanggong_node.dir/src/kuanggong.cpp.o] é”™è¯¯ 1
[4.046s] gmake[1]: *** [CMakeFiles/Makefile2:137ï¼šCMakeFiles/kuanggong_node.dir/all] é”™è¯¯ 2
[4.046s] gmake: *** [Makefile:146ï¼šall] é”™è¯¯ 2
[4.050s] Invoked command in '/home/kuanghaoze/d2lros2/game_ws/build/kuang_gong' returned '2': CMAKE_PREFIX_PATH=/opt/ros/humble /usr/bin/cmake --build /home/kuanghaoze/d2lros2/game_ws/build/kuang_gong -- -j16 -l16
