[0.017s] Invoking command in '/home/kuanghaoze/d2lros2/game_ws/build/kuang_jie': CMAKE_PREFIX_PATH=/home/kuanghaoze/d2lros2/game_ws/install/kuang_interfaces:/home/kuanghaoze/d2lros2/game_ws/install/kuang_jie:/home/kuanghaoze/d2lros2/game_ws/install/kuang_gong:/opt/ros/humble /usr/bin/cmake --build /home/kuanghaoze/d2lros2/game_ws/build/kuang_jie -- -j16 -l16
[0.052s] [35m[1mConsolidate compiler generated dependencies of target kuangjie_node[0m
[0.065s] [ 50%] [32mBuilding CXX object CMakeFiles/kuangjie_node.dir/src/kuangjie.cpp.o[0m
[1.826s] [01m[K/home/kuanghaoze/d2lros2/game_ws/kuang_jie/src/kuangjie.cpp:[m[K In member function â€˜[01m[Kvoid PublishNode::publish_node()[m[Kâ€™:
[1.826s] [01m[K/home/kuanghaoze/d2lros2/game_ws/kuang_jie/src/kuangjie.cpp:35:18:[m[K [01;31m[Kerror: [m[Kexpected unqualified-id before numeric constant
[1.826s]    35 |         for(std::[01;31m[K64_t[m[K int i = 0;i<kuangshi_num;i++)
[1.826s]       |                  [01;31m[K^~~~[m[K
[1.829s] [01m[K/home/kuanghaoze/d2lros2/game_ws/kuang_jie/src/kuangjie.cpp:35:33:[m[K [01;31m[Kerror: [m[Kâ€˜[01m[Ki[m[Kâ€™ was not declared in this scope
[1.829s]    35 |         for(std::64_t int i = 0;[01;31m[Ki[m[K<kuangshi_num;i++)
[1.829s]       |                                 [01;31m[K^[m[K
[2.353s] gmake[2]: *** [CMakeFiles/kuangjie_node.dir/build.make:76ï¼šCMakeFiles/kuangjie_node.dir/src/kuangjie.cpp.o] é”™è¯¯ 1
[2.353s] gmake[1]: *** [CMakeFiles/Makefile2:137ï¼šCMakeFiles/kuangjie_node.dir/all] é”™è¯¯ 2
[2.354s] gmake: *** [Makefile:146ï¼šall] é”™è¯¯ 2
[2.358s] Invoked command in '/home/kuanghaoze/d2lros2/game_ws/build/kuang_jie' returned '2': CMAKE_PREFIX_PATH=/home/kuanghaoze/d2lros2/game_ws/install/kuang_interfaces:/home/kuanghaoze/d2lros2/game_ws/install/kuang_jie:/home/kuanghaoze/d2lros2/game_ws/install/kuang_gong:/opt/ros/humble /usr/bin/cmake --build /home/kuanghaoze/d2lros2/game_ws/build/kuang_jie -- -j16 -l16
