[0.012s] Invoking command in '/home/kuanghaoze/d2lros2/game_ws/build/kuang_interfaces': CMAKE_PREFIX_PATH=${CMAKE_PREFIX_PATH}:/opt/ros/humble CONDA_PROMPT_MODIFIER=(base) /usr/bin/cmake --build /home/kuanghaoze/d2lros2/game_ws/build/kuang_interfaces -- -j16 -l16
[0.044s] -- Found ament_cmake: 1.3.5 (/opt/ros/humble/share/ament_cmake/cmake)
[0.159s] -- Found std_msgs: 4.2.3 (/opt/ros/humble/share/std_msgs/cmake)
[0.178s] -- Found rosidl_generator_c: 3.1.4 (/opt/ros/humble/share/rosidl_generator_c/cmake)
[0.180s] -- Found rosidl_adapter: 3.1.4 (/opt/ros/humble/share/rosidl_adapter/cmake)
[0.184s] -- Found rosidl_generator_cpp: 3.1.4 (/opt/ros/humble/share/rosidl_generator_cpp/cmake)
[0.194s] -- Using all available rosidl_typesupport_c: rosidl_typesupport_fastrtps_c;rosidl_typesupport_introspection_c
[0.207s] -- Using all available rosidl_typesupport_cpp: rosidl_typesupport_fastrtps_cpp;rosidl_typesupport_introspection_cpp
[0.253s] -- Found geometry_msgs: 4.2.3 (/opt/ros/humble/share/geometry_msgs/cmake)
[0.289s] -- Found rosidl_default_generators: 1.2.0 (/opt/ros/humble/share/rosidl_default_generators/cmake)
[0.489s] [31mCMake Error at /opt/ros/humble/share/rosidl_adapter/cmake/rosidl_adapt_interfaces.cmake:59 (message):
[0.489s]   execute_process(/usr/bin/python3.10 -m rosidl_adapter --package-name
[0.489s]   kuang_interfaces --arguments-file
[0.489s]   /home/kuanghaoze/d2lros2/game_ws/build/kuang_interfaces/rosidl_adapter__arguments__kuang_interfaces.json
[0.489s]   --output-dir
[0.489s]   /home/kuanghaoze/d2lros2/game_ws/build/kuang_interfaces/rosidl_adapter/kuang_interfaces
[0.489s]   --output-file
[0.490s]   /home/kuanghaoze/d2lros2/game_ws/build/kuang_interfaces/rosidl_adapter/kuang_interfaces.idls)
[0.490s]   returned error code 1:
[0.490s] 
[0.490s]   Error processing 'int id' of 'kuang_interfaces/Caikuang_Request': ''int' is
[0.490s]   an invalid message name.  It should have the pattern '^[A-Z][A-Za-z0-9]*$''
[0.490s] 
[0.490s]   Traceback (most recent call last):
[0.491s] 
[0.491s]     File "/usr/lib/python3.10/runpy.py", line 196, in _run_module_as_main
[0.491s]       return _run_code(code, main_globals, None,
[0.491s]     File "/usr/lib/python3.10/runpy.py", line 86, in _run_code
[0.491s]       exec(code, run_globals)
[0.491s]     File "/opt/ros/humble/local/lib/python3.10/dist-packages/rosidl_adapter/__main__.py", line 19, in <module>
[0.491s]       sys.exit(main())
[0.491s]     File "/opt/ros/humble/local/lib/python3.10/dist-packages/rosidl_adapter/main.py", line 53, in main
[0.492s]       abs_idl_file = convert_to_idl(
[0.492s]     File "/opt/ros/humble/local/lib/python3.10/dist-packages/rosidl_adapter/__init__.py", line 24, in convert_to_idl
[0.492s]       return convert_srv_to_idl(
[0.492s]     File "/opt/ros/humble/local/lib/python3.10/dist-packages/rosidl_adapter/srv/__init__.py", line 28, in convert_srv_to_idl
[0.492s]       srv = parse_service_string(package_name, input_file.stem, content)
[0.492s]     File "/opt/ros/humble/local/lib/python3.10/dist-packages/rosidl_adapter/parser.py", line 859, in parse_service_string
[0.493s]       request_message = parse_message_string(
[0.493s]     File "/opt/ros/humble/local/lib/python3.10/dist-packages/rosidl_adapter/parser.py", line 520, in parse_message_string
[0.493s]       Type(type_string, context_package_name=pkg_name),
[0.493s]     File "/opt/ros/humble/local/lib/python3.10/dist-packages/rosidl_adapter/parser.py", line 277, in __init__
[0.493s]       super(Type, self).__init__(
[0.493s]     File "/opt/ros/humble/local/lib/python3.10/dist-packages/rosidl_adapter/parser.py", line 205, in __init__
[0.493s]       raise InvalidResourceName(
[0.494s] 
[0.494s]   rosidl_adapter.parser.InvalidResourceName: 'int' is an invalid message
[0.494s]   name.  It should have the pattern '^[A-Z][A-Za-z0-9]*$'
[0.494s] 
[0.494s] Call Stack (most recent call first):
[0.494s]   /opt/ros/humble/share/rosidl_cmake/cmake/rosidl_generate_interfaces.cmake:130 (rosidl_adapt_interfaces)
[0.494s]   CMakeLists.txt:20 (rosidl_generate_interfaces)
[0.495s] 
[0.495s] [0m
[0.495s] -- Configuring incomplete, errors occurred!
[0.495s] See also "/home/kuanghaoze/d2lros2/game_ws/build/kuang_interfaces/CMakeFiles/CMakeOutput.log".
[0.501s] gmake: *** [Makefile:1179ï¼šcmake_check_build_system] é”™è¯¯ 1
[0.504s] Invoked command in '/home/kuanghaoze/d2lros2/game_ws/build/kuang_interfaces' returned '2': CMAKE_PREFIX_PATH=${CMAKE_PREFIX_PATH}:/opt/ros/humble CONDA_PROMPT_MODIFIER=(base) /usr/bin/cmake --build /home/kuanghaoze/d2lros2/game_ws/build/kuang_interfaces -- -j16 -l16
