[01m[K/home/kuanghaoze/d2lros2/game_ws/kuang_jie/src/kuangjie.cpp:[m[K In constructor â€˜[01m[KPublishNode::PublishNode()[m[Kâ€™:
[01m[K/home/kuanghaoze/d2lros2/game_ws/kuang_jie/src/kuangjie.cpp:29:13:[m[K [01;31m[Kerror: [m[Kâ€˜[01m[Ktimer_[m[Kâ€™ was not declared in this scope; did you mean â€˜[01m[Ktimer_t[m[Kâ€™?
   29 |             [01;31m[Ktimer_[m[K = this->create_wall_timer(1000ms, std::bind(&PublishNode::timer_callback, this));  //500msæ˜¯æ—¶é—´å‘¨æœŸ,bindå‡½æ•°é‡Œçš„ä¸€ä¸ªå‚æ•°æ˜¯ç±»å®šä¹‰é‡Œçš„å›è°ƒå‡½æ•°ï¼Œç¬¬äºŒä¸ªå‡½æ•°æ˜¯è¯¥ç±»çš„å®šä¹‰
      |             [01;31m[K^~~~~~[m[K
      |             [32m[Ktimer_t[m[K
[01m[K/home/kuanghaoze/d2lros2/game_ws/kuang_jie/src/kuangjie.cpp:29:46:[m[K [01;31m[Kerror: [m[Kunable to find numeric literal operator â€˜[01m[Koperator""ms[m[Kâ€™
   29 |             timer_ = this->create_wall_timer([01;31m[K1000ms[m[K, std::bind(&PublishNode::timer_callback, this));  //500msæ˜¯æ—¶é—´å‘¨æœŸ,bindå‡½æ•°é‡Œçš„ä¸€ä¸ªå‚æ•°æ˜¯ç±»å®šä¹‰é‡Œçš„å›è°ƒå‡½æ•°ï¼Œç¬¬äºŒä¸ªå‡½æ•°æ˜¯è¯¥ç±»çš„å®šä¹‰
      |                                              [01;31m[K^~~~~~[m[K
gmake[2]: *** [CMakeFiles/kuangjie_node.dir/build.make:76ï¼šCMakeFiles/kuangjie_node.dir/src/kuangjie.cpp.o] é”™è¯¯ 1
gmake[1]: *** [CMakeFiles/Makefile2:137ï¼šCMakeFiles/kuangjie_node.dir/all] é”™è¯¯ 2
gmake: *** [Makefile:146ï¼šall] é”™è¯¯ 2
