[01m[K/home/kuanghaoze/d2lros2/game_ws/kuang_jie/src/kuangjie.cpp:[m[K In constructor ‘[01m[KPublishNode::PublishNode()[m[K’:
[01m[K/home/kuanghaoze/d2lros2/game_ws/kuang_jie/src/kuangjie.cpp:29:13:[m[K [01;31m[Kerror: [m[K‘[01m[Ktimer_[m[K’ was not declared in this scope; did you mean ‘[01m[Ktimer_t[m[K’?
   29 |             [01;31m[Ktimer_[m[K = this->create_wall_timer(1000ms, std::bind(&PublishNode::timer_callback, this));  //500ms是时间周期,bind函数里的一个参数是类定义里的回调函数，第二个函数是该类的定义
      |             [01;31m[K^~~~~~[m[K
      |             [32m[Ktimer_t[m[K
[01m[K/home/kuanghaoze/d2lros2/game_ws/kuang_jie/src/kuangjie.cpp:29:46:[m[K [01;31m[Kerror: [m[Kunable to find numeric literal operator ‘[01m[Koperator""ms[m[K’
   29 |             timer_ = this->create_wall_timer([01;31m[K1000ms[m[K, std::bind(&PublishNode::timer_callback, this));  //500ms是时间周期,bind函数里的一个参数是类定义里的回调函数，第二个函数是该类的定义
      |                                              [01;31m[K^~~~~~[m[K
gmake[2]: *** [CMakeFiles/kuangjie_node.dir/build.make:76：CMakeFiles/kuangjie_node.dir/src/kuangjie.cpp.o] 错误 1
gmake[1]: *** [CMakeFiles/Makefile2:137：CMakeFiles/kuangjie_node.dir/all] 错误 2
gmake: *** [Makefile:146：all] 错误 2
